{"C:\\Users\\frank\\OneDrive\\Documents\\GitHub\\Firebase-Hubspot-Sync-Data\\src\\functions\\services\\syncUsersService.js": {"path":"C:\\Users\\frank\\OneDrive\\Documents\\GitHub\\Firebase-Hubspot-Sync-Data\\src\\functions\\services\\syncUsersService.js","all":false,"statementMap":{"0":{"start":{"line":1,"column":0},"end":{"line":1,"column":69}},"1":{"start":{"line":2,"column":0},"end":{"line":2,"column":40}},"2":{"start":{"line":3,"column":0},"end":{"line":3,"column":50}},"3":{"start":{"line":4,"column":0},"end":{"line":4,"column":0}},"4":{"start":{"line":5,"column":0},"end":{"line":5,"column":42}},"5":{"start":{"line":6,"column":0},"end":{"line":6,"column":31}},"6":{"start":{"line":7,"column":0},"end":{"line":7,"column":27}},"7":{"start":{"line":8,"column":0},"end":{"line":8,"column":28}},"8":{"start":{"line":9,"column":0},"end":{"line":9,"column":29}},"9":{"start":{"line":10,"column":0},"end":{"line":10,"column":41}},"10":{"start":{"line":11,"column":0},"end":{"line":11,"column":49}},"11":{"start":{"line":12,"column":0},"end":{"line":12,"column":65}},"12":{"start":{"line":13,"column":0},"end":{"line":13,"column":45}},"13":{"start":{"line":14,"column":0},"end":{"line":14,"column":39}},"14":{"start":{"line":15,"column":0},"end":{"line":15,"column":37}},"15":{"start":{"line":16,"column":0},"end":{"line":16,"column":39}},"16":{"start":{"line":17,"column":0},"end":{"line":17,"column":70}},"17":{"start":{"line":18,"column":0},"end":{"line":18,"column":56}},"18":{"start":{"line":19,"column":0},"end":{"line":19,"column":6}},"19":{"start":{"line":20,"column":0},"end":{"line":20,"column":0}},"20":{"start":{"line":21,"column":0},"end":{"line":21,"column":25}},"21":{"start":{"line":22,"column":0},"end":{"line":22,"column":56}},"22":{"start":{"line":23,"column":0},"end":{"line":23,"column":7}},"23":{"start":{"line":24,"column":0},"end":{"line":24,"column":3}},"24":{"start":{"line":25,"column":0},"end":{"line":25,"column":1}},"25":{"start":{"line":26,"column":0},"end":{"line":26,"column":0}},"26":{"start":{"line":27,"column":0},"end":{"line":27,"column":45}},"27":{"start":{"line":28,"column":0},"end":{"line":28,"column":0}},"28":{"start":{"line":29,"column":0},"end":{"line":29,"column":42}},"29":{"start":{"line":30,"column":0},"end":{"line":30,"column":7}},"30":{"start":{"line":31,"column":0},"end":{"line":31,"column":39}},"31":{"start":{"line":32,"column":0},"end":{"line":32,"column":51}},"32":{"start":{"line":33,"column":0},"end":{"line":33,"column":0}},"33":{"start":{"line":34,"column":0},"end":{"line":34,"column":68}},"34":{"start":{"line":35,"column":0},"end":{"line":35,"column":59}},"35":{"start":{"line":36,"column":0},"end":{"line":36,"column":0}},"36":{"start":{"line":37,"column":0},"end":{"line":37,"column":25}},"37":{"start":{"line":38,"column":0},"end":{"line":38,"column":23}},"38":{"start":{"line":39,"column":0},"end":{"line":39,"column":0}},"39":{"start":{"line":40,"column":0},"end":{"line":40,"column":35}},"40":{"start":{"line":41,"column":0},"end":{"line":41,"column":43}},"41":{"start":{"line":42,"column":0},"end":{"line":42,"column":69}},"42":{"start":{"line":43,"column":0},"end":{"line":43,"column":21}},"43":{"start":{"line":44,"column":0},"end":{"line":44,"column":17}},"44":{"start":{"line":45,"column":0},"end":{"line":45,"column":7}},"45":{"start":{"line":46,"column":0},"end":{"line":46,"column":0}},"46":{"start":{"line":47,"column":0},"end":{"line":47,"column":62}},"47":{"start":{"line":48,"column":0},"end":{"line":48,"column":91}},"48":{"start":{"line":49,"column":0},"end":{"line":49,"column":0}},"49":{"start":{"line":50,"column":0},"end":{"line":50,"column":28}},"50":{"start":{"line":51,"column":0},"end":{"line":51,"column":84}},"51":{"start":{"line":52,"column":0},"end":{"line":52,"column":43}},"52":{"start":{"line":53,"column":0},"end":{"line":53,"column":36}},"53":{"start":{"line":54,"column":0},"end":{"line":54,"column":58}},"54":{"start":{"line":55,"column":0},"end":{"line":55,"column":11}},"55":{"start":{"line":56,"column":0},"end":{"line":56,"column":23}},"56":{"start":{"line":57,"column":0},"end":{"line":57,"column":14}},"57":{"start":{"line":58,"column":0},"end":{"line":58,"column":129}},"58":{"start":{"line":59,"column":0},"end":{"line":59,"column":21}},"59":{"start":{"line":60,"column":0},"end":{"line":60,"column":7}},"60":{"start":{"line":61,"column":0},"end":{"line":61,"column":5}},"61":{"start":{"line":62,"column":0},"end":{"line":62,"column":0}},"62":{"start":{"line":63,"column":0},"end":{"line":63,"column":12}},"63":{"start":{"line":64,"column":0},"end":{"line":64,"column":20}},"64":{"start":{"line":65,"column":0},"end":{"line":65,"column":19}},"65":{"start":{"line":66,"column":0},"end":{"line":66,"column":17}},"66":{"start":{"line":67,"column":0},"end":{"line":67,"column":99}},"67":{"start":{"line":68,"column":0},"end":{"line":68,"column":6}},"68":{"start":{"line":69,"column":0},"end":{"line":69,"column":19}},"69":{"start":{"line":70,"column":0},"end":{"line":70,"column":125}},"70":{"start":{"line":71,"column":0},"end":{"line":71,"column":12}},"71":{"start":{"line":72,"column":0},"end":{"line":72,"column":21}},"72":{"start":{"line":73,"column":0},"end":{"line":73,"column":27}},"73":{"start":{"line":74,"column":0},"end":{"line":74,"column":22}},"74":{"start":{"line":75,"column":0},"end":{"line":75,"column":20}},"75":{"start":{"line":76,"column":0},"end":{"line":76,"column":6}},"76":{"start":{"line":77,"column":0},"end":{"line":77,"column":3}},"77":{"start":{"line":78,"column":0},"end":{"line":78,"column":2}},"78":{"start":{"line":79,"column":0},"end":{"line":79,"column":0}},"79":{"start":{"line":80,"column":0},"end":{"line":80,"column":0}},"80":{"start":{"line":81,"column":0},"end":{"line":81,"column":0}},"81":{"start":{"line":82,"column":0},"end":{"line":82,"column":0}},"82":{"start":{"line":83,"column":0},"end":{"line":83,"column":0}},"83":{"start":{"line":84,"column":0},"end":{"line":84,"column":0}},"84":{"start":{"line":85,"column":0},"end":{"line":85,"column":40713}}},"s":{"0":1,"1":1,"2":1,"3":1,"4":1,"5":1,"6":1,"7":1,"8":1,"9":1,"10":1,"11":1,"12":1,"13":1,"14":1,"15":1,"16":1,"17":1,"18":1,"19":1,"20":1,"21":1,"22":1,"23":1,"24":1,"25":1,"26":1,"27":1,"28":1,"29":3,"30":3,"31":3,"32":2,"33":2,"34":2,"35":2,"36":2,"37":2,"38":2,"39":3,"40":4,"41":1,"42":1,"43":1,"44":1,"45":3,"46":3,"47":3,"48":3,"49":3,"50":3,"51":3,"52":3,"53":3,"54":3,"55":3,"56":4,"57":0,"58":0,"59":0,"60":4,"61":2,"62":2,"63":2,"64":2,"65":2,"66":2,"67":2,"68":3,"69":1,"70":1,"71":1,"72":1,"73":1,"74":1,"75":1,"76":1,"77":3,"78":1,"79":1,"80":1,"81":1,"82":1,"83":1,"84":1},"branchMap":{"0":{"type":"branch","line":6,"loc":{"start":{"line":6,"column":0},"end":{"line":25,"column":1}},"locations":[{"start":{"line":6,"column":0},"end":{"line":25,"column":1}}]},"1":{"type":"branch","line":29,"loc":{"start":{"line":29,"column":29},"end":{"line":78,"column":2}},"locations":[{"start":{"line":29,"column":29},"end":{"line":78,"column":2}}]},"2":{"type":"branch","line":32,"loc":{"start":{"line":32,"column":50},"end":{"line":40,"column":34}},"locations":[{"start":{"line":32,"column":50},"end":{"line":40,"column":34}}]},"3":{"type":"branch","line":40,"loc":{"start":{"line":40,"column":34},"end":{"line":61,"column":5}},"locations":[{"start":{"line":40,"column":34},"end":{"line":61,"column":5}}]},"4":{"type":"branch","line":41,"loc":{"start":{"line":41,"column":21},"end":{"line":41,"column":40}},"locations":[{"start":{"line":41,"column":21},"end":{"line":41,"column":40}}]},"5":{"type":"branch","line":41,"loc":{"start":{"line":41,"column":42},"end":{"line":45,"column":7}},"locations":[{"start":{"line":41,"column":42},"end":{"line":45,"column":7}}]},"6":{"type":"branch","line":45,"loc":{"start":{"line":45,"column":6},"end":{"line":57,"column":7}},"locations":[{"start":{"line":45,"column":6},"end":{"line":57,"column":7}}]},"7":{"type":"branch","line":57,"loc":{"start":{"line":57,"column":7},"end":{"line":60,"column":7}},"locations":[{"start":{"line":57,"column":7},"end":{"line":60,"column":7}}]},"8":{"type":"branch","line":61,"loc":{"start":{"line":61,"column":4},"end":{"line":69,"column":4}},"locations":[{"start":{"line":61,"column":4},"end":{"line":69,"column":4}}]},"9":{"type":"branch","line":69,"loc":{"start":{"line":69,"column":4},"end":{"line":77,"column":3}},"locations":[{"start":{"line":69,"column":4},"end":{"line":77,"column":3}}]},"10":{"type":"branch","line":85,"loc":{"start":{"line":85,"column":68},"end":{"line":85,"column":39944}},"locations":[{"start":{"line":85,"column":68},"end":{"line":85,"column":39944}}]},"11":{"type":"branch","line":85,"loc":{"start":{"line":85,"column":39933},"end":{"line":85,"column":39943}},"locations":[{"start":{"line":85,"column":39933},"end":{"line":85,"column":39943}}]},"12":{"type":"branch","line":85,"loc":{"start":{"line":85,"column":40173},"end":{"line":85,"column":40248}},"locations":[{"start":{"line":85,"column":40173},"end":{"line":85,"column":40248}}]},"13":{"type":"branch","line":85,"loc":{"start":{"line":85,"column":40228},"end":{"line":85,"column":40239}},"locations":[{"start":{"line":85,"column":40228},"end":{"line":85,"column":40239}}]}},"b":{"0":[1],"1":[3],"2":[2],"3":[4],"4":[3],"5":[1],"6":[3],"7":[0],"8":[2],"9":[1],"10":[1],"11":[1],"12":[1],"13":[1]},"fnMap":{"0":{"name":"initializeFirebase","decl":{"start":{"line":6,"column":0},"end":{"line":25,"column":1}},"loc":{"start":{"line":6,"column":0},"end":{"line":25,"column":1}},"line":6},"1":{"name":"Object.<anonymous>.exports.syncUsersFromExcel","decl":{"start":{"line":29,"column":29},"end":{"line":78,"column":2}},"loc":{"start":{"line":29,"column":29},"end":{"line":78,"column":2}},"line":29},"2":{"name":"oo_cm","decl":{"start":{"line":85,"column":68},"end":{"line":85,"column":39944}},"loc":{"start":{"line":85,"column":68},"end":{"line":85,"column":39944}},"line":85},"3":{"name":"oo_oo","decl":{"start":{"line":85,"column":39971},"end":{"line":85,"column":40044}},"loc":{"start":{"line":85,"column":39971},"end":{"line":85,"column":40044}},"line":85},"4":{"name":"oo_tr","decl":{"start":{"line":85,"column":40071},"end":{"line":85,"column":40146}},"loc":{"start":{"line":85,"column":40071},"end":{"line":85,"column":40146}},"line":85},"5":{"name":"oo_tx","decl":{"start":{"line":85,"column":40173},"end":{"line":85,"column":40248}},"loc":{"start":{"line":85,"column":40173},"end":{"line":85,"column":40248}},"line":85},"6":{"name":"oo_ts","decl":{"start":{"line":85,"column":40275},"end":{"line":85,"column":40342}},"loc":{"start":{"line":85,"column":40275},"end":{"line":85,"column":40342}},"line":85},"7":{"name":"oo_te","decl":{"start":{"line":85,"column":40369},"end":{"line":85,"column":40445}},"loc":{"start":{"line":85,"column":40369},"end":{"line":85,"column":40445}},"line":85}},"f":{"0":1,"1":3,"2":1,"3":1,"4":1,"5":1,"6":1,"7":1}}
,"C:\\Users\\frank\\OneDrive\\Documents\\GitHub\\Firebase-Hubspot-Sync-Data\\src\\functions\\utils\\excelUtils.js": {"path":"C:\\Users\\frank\\OneDrive\\Documents\\GitHub\\Firebase-Hubspot-Sync-Data\\src\\functions\\utils\\excelUtils.js","all":false,"statementMap":{"0":{"start":{"line":1,"column":0},"end":{"line":1,"column":69}},"1":{"start":{"line":2,"column":0},"end":{"line":2,"column":29}},"2":{"start":{"line":3,"column":0},"end":{"line":3,"column":25}},"3":{"start":{"line":4,"column":0},"end":{"line":4,"column":29}},"4":{"start":{"line":5,"column":0},"end":{"line":5,"column":0}},"5":{"start":{"line":6,"column":0},"end":{"line":6,"column":33}},"6":{"start":{"line":7,"column":0},"end":{"line":7,"column":7}},"7":{"start":{"line":8,"column":0},"end":{"line":8,"column":69}},"8":{"start":{"line":9,"column":0},"end":{"line":9,"column":54}},"9":{"start":{"line":10,"column":0},"end":{"line":10,"column":0}},"10":{"start":{"line":11,"column":0},"end":{"line":11,"column":25}},"11":{"start":{"line":12,"column":0},"end":{"line":12,"column":78}},"12":{"start":{"line":13,"column":0},"end":{"line":13,"column":5}},"13":{"start":{"line":14,"column":0},"end":{"line":14,"column":0}},"14":{"start":{"line":15,"column":0},"end":{"line":15,"column":50}},"15":{"start":{"line":16,"column":0},"end":{"line":16,"column":49}},"16":{"start":{"line":17,"column":0},"end":{"line":17,"column":0}},"17":{"start":{"line":18,"column":0},"end":{"line":18,"column":37}},"18":{"start":{"line":19,"column":0},"end":{"line":19,"column":35}},"19":{"start":{"line":20,"column":0},"end":{"line":20,"column":68}},"20":{"start":{"line":21,"column":0},"end":{"line":21,"column":5}},"21":{"start":{"line":22,"column":0},"end":{"line":22,"column":0}},"22":{"start":{"line":23,"column":0},"end":{"line":23,"column":28}},"23":{"start":{"line":24,"column":0},"end":{"line":24,"column":49}},"24":{"start":{"line":25,"column":0},"end":{"line":25,"column":63}},"25":{"start":{"line":26,"column":0},"end":{"line":26,"column":0}},"26":{"start":{"line":27,"column":0},"end":{"line":27,"column":30}},"27":{"start":{"line":28,"column":0},"end":{"line":28,"column":45}},"28":{"start":{"line":29,"column":0},"end":{"line":29,"column":45}},"29":{"start":{"line":30,"column":0},"end":{"line":30,"column":0}},"30":{"start":{"line":31,"column":0},"end":{"line":31,"column":31}},"31":{"start":{"line":32,"column":0},"end":{"line":32,"column":54}},"32":{"start":{"line":33,"column":0},"end":{"line":33,"column":21}},"33":{"start":{"line":34,"column":0},"end":{"line":34,"column":19}},"34":{"start":{"line":35,"column":0},"end":{"line":35,"column":125}},"35":{"start":{"line":36,"column":0},"end":{"line":36,"column":55}},"36":{"start":{"line":37,"column":0},"end":{"line":37,"column":3}},"37":{"start":{"line":38,"column":0},"end":{"line":38,"column":2}},"38":{"start":{"line":39,"column":0},"end":{"line":39,"column":0}},"39":{"start":{"line":40,"column":0},"end":{"line":40,"column":0}},"40":{"start":{"line":41,"column":0},"end":{"line":41,"column":0}},"41":{"start":{"line":42,"column":0},"end":{"line":42,"column":0}},"42":{"start":{"line":43,"column":0},"end":{"line":43,"column":0}},"43":{"start":{"line":44,"column":0},"end":{"line":44,"column":0}},"44":{"start":{"line":45,"column":0},"end":{"line":45,"column":40713}}},"s":{"0":1,"1":1,"2":1,"3":1,"4":1,"5":1,"6":2,"7":2,"8":2,"9":2,"10":2,"11":0,"12":0,"13":2,"14":2,"15":2,"16":2,"17":2,"18":2,"19":1,"20":1,"21":1,"22":1,"23":1,"24":1,"25":1,"26":1,"27":1,"28":1,"29":1,"30":1,"31":1,"32":1,"33":1,"34":1,"35":1,"36":1,"37":2,"38":1,"39":1,"40":1,"41":1,"42":1,"43":1,"44":1},"branchMap":{"0":{"type":"branch","line":6,"loc":{"start":{"line":6,"column":20},"end":{"line":38,"column":2}},"locations":[{"start":{"line":6,"column":20},"end":{"line":38,"column":2}}]},"1":{"type":"branch","line":11,"loc":{"start":{"line":11,"column":24},"end":{"line":13,"column":5}},"locations":[{"start":{"line":11,"column":24},"end":{"line":13,"column":5}}]},"2":{"type":"branch","line":19,"loc":{"start":{"line":19,"column":34},"end":{"line":37,"column":3}},"locations":[{"start":{"line":19,"column":34},"end":{"line":37,"column":3}}]},"3":{"type":"branch","line":45,"loc":{"start":{"line":45,"column":68},"end":{"line":45,"column":39944}},"locations":[{"start":{"line":45,"column":68},"end":{"line":45,"column":39944}}]},"4":{"type":"branch","line":45,"loc":{"start":{"line":45,"column":39933},"end":{"line":45,"column":39943}},"locations":[{"start":{"line":45,"column":39933},"end":{"line":45,"column":39943}}]},"5":{"type":"branch","line":45,"loc":{"start":{"line":45,"column":40173},"end":{"line":45,"column":40248}},"locations":[{"start":{"line":45,"column":40173},"end":{"line":45,"column":40248}}]},"6":{"type":"branch","line":45,"loc":{"start":{"line":45,"column":40228},"end":{"line":45,"column":40239}},"locations":[{"start":{"line":45,"column":40228},"end":{"line":45,"column":40239}}]}},"b":{"0":[2],"1":[0],"2":[1],"3":[1],"4":[1],"5":[1],"6":[1]},"fnMap":{"0":{"name":"Object.<anonymous>.exports.readExcel","decl":{"start":{"line":6,"column":20},"end":{"line":38,"column":2}},"loc":{"start":{"line":6,"column":20},"end":{"line":38,"column":2}},"line":6},"1":{"name":"oo_cm","decl":{"start":{"line":45,"column":68},"end":{"line":45,"column":39944}},"loc":{"start":{"line":45,"column":68},"end":{"line":45,"column":39944}},"line":45},"2":{"name":"oo_oo","decl":{"start":{"line":45,"column":39971},"end":{"line":45,"column":40044}},"loc":{"start":{"line":45,"column":39971},"end":{"line":45,"column":40044}},"line":45},"3":{"name":"oo_tr","decl":{"start":{"line":45,"column":40071},"end":{"line":45,"column":40146}},"loc":{"start":{"line":45,"column":40071},"end":{"line":45,"column":40146}},"line":45},"4":{"name":"oo_tx","decl":{"start":{"line":45,"column":40173},"end":{"line":45,"column":40248}},"loc":{"start":{"line":45,"column":40173},"end":{"line":45,"column":40248}},"line":45},"5":{"name":"oo_ts","decl":{"start":{"line":45,"column":40275},"end":{"line":45,"column":40342}},"loc":{"start":{"line":45,"column":40275},"end":{"line":45,"column":40342}},"line":45},"6":{"name":"oo_te","decl":{"start":{"line":45,"column":40369},"end":{"line":45,"column":40445}},"loc":{"start":{"line":45,"column":40369},"end":{"line":45,"column":40445}},"line":45}},"f":{"0":2,"1":1,"2":1,"3":1,"4":1,"5":1,"6":1}}
}
