TN:
SF:src\functions\services\syncUsersService.js
FN:6,initializeFirebase
FN:29,Object.<anonymous>.exports.syncUsersFromExcel
FN:85,oo_cm
FN:85,oo_oo
FN:85,oo_tr
FN:85,oo_tx
FN:85,oo_ts
FN:85,oo_te
FNF:8
FNH:8
FNDA:1,initializeFirebase
FNDA:3,Object.<anonymous>.exports.syncUsersFromExcel
FNDA:1,oo_cm
FNDA:1,oo_oo
FNDA:1,oo_tr
FNDA:1,oo_tx
FNDA:1,oo_ts
FNDA:1,oo_te
DA:1,1
DA:2,1
DA:3,1
DA:4,1
DA:5,1
DA:6,1
DA:7,1
DA:8,1
DA:9,1
DA:10,1
DA:11,1
DA:12,1
DA:13,1
DA:14,1
DA:15,1
DA:16,1
DA:17,1
DA:18,1
DA:19,1
DA:20,1
DA:21,1
DA:22,1
DA:23,1
DA:24,1
DA:25,1
DA:26,1
DA:27,1
DA:28,1
DA:29,1
DA:30,3
DA:31,3
DA:32,3
DA:33,2
DA:34,2
DA:35,2
DA:36,2
DA:37,2
DA:38,2
DA:39,2
DA:40,3
DA:41,4
DA:42,1
DA:43,1
DA:44,1
DA:45,1
DA:46,3
DA:47,3
DA:48,3
DA:49,3
DA:50,3
DA:51,3
DA:52,3
DA:53,3
DA:54,3
DA:55,3
DA:56,3
DA:57,4
DA:58,0
DA:59,0
DA:60,0
DA:61,4
DA:62,2
DA:63,2
DA:64,2
DA:65,2
DA:66,2
DA:67,2
DA:68,2
DA:69,3
DA:70,1
DA:71,1
DA:72,1
DA:73,1
DA:74,1
DA:75,1
DA:76,1
DA:77,1
DA:78,3
DA:79,1
DA:80,1
DA:81,1
DA:82,1
DA:83,1
DA:84,1
DA:85,1
LF:85
LH:82
BRDA:6,0,0,1
BRDA:29,1,0,3
BRDA:32,2,0,2
BRDA:40,3,0,4
BRDA:41,4,0,3
BRDA:41,5,0,1
BRDA:45,6,0,3
BRDA:57,7,0,0
BRDA:61,8,0,2
BRDA:69,9,0,1
BRDA:85,10,0,1
BRDA:85,11,0,1
BRDA:85,12,0,1
BRDA:85,13,0,1
BRF:14
BRH:13
end_of_record
TN:
SF:src\functions\utils\excelUtils.js
FN:6,Object.<anonymous>.exports.readExcel
FN:45,oo_cm
FN:45,oo_oo
FN:45,oo_tr
FN:45,oo_tx
FN:45,oo_ts
FN:45,oo_te
FNF:7
FNH:7
FNDA:2,Object.<anonymous>.exports.readExcel
FNDA:1,oo_cm
FNDA:1,oo_oo
FNDA:1,oo_tr
FNDA:1,oo_tx
FNDA:1,oo_ts
FNDA:1,oo_te
DA:1,1
DA:2,1
DA:3,1
DA:4,1
DA:5,1
DA:6,1
DA:7,2
DA:8,2
DA:9,2
DA:10,2
DA:11,2
DA:12,0
DA:13,0
DA:14,2
DA:15,2
DA:16,2
DA:17,2
DA:18,2
DA:19,2
DA:20,1
DA:21,1
DA:22,1
DA:23,1
DA:24,1
DA:25,1
DA:26,1
DA:27,1
DA:28,1
DA:29,1
DA:30,1
DA:31,1
DA:32,1
DA:33,1
DA:34,1
DA:35,1
DA:36,1
DA:37,1
DA:38,2
DA:39,1
DA:40,1
DA:41,1
DA:42,1
DA:43,1
DA:44,1
DA:45,1
LF:45
LH:43
BRDA:6,0,0,2
BRDA:11,1,0,0
BRDA:19,2,0,1
BRDA:45,3,0,1
BRDA:45,4,0,1
BRDA:45,5,0,1
BRDA:45,6,0,1
BRF:7
BRH:6
end_of_record
